<?xml version="1.0" encoding="UTF-8"?>
<testsuite xmlns:xsi="http://www.w3.org/2001/XMLSchema-instance" xsi:noNamespaceSchemaLocation="https://maven.apache.org/surefire/maven-surefire-plugin/xsd/surefire-test-report-3.0.xsd" version="3.0" name="ru.otus.hw.service.TestServiceImplTest" time="2.233" tests="1" errors="0" skipped="0" failures="0">
  <properties>
    <property name="java.specification.version" value="21"/>
    <property name="sun.jnu.encoding" value="UTF-8"/>
    <property name="java.class.path" value="/Users/atitov/study/otus/2024-11-otus-spring-Titov/hw01/target/test-classes:/Users/atitov/study/otus/2024-11-otus-spring-Titov/hw01/target/classes:/Users/atitov/study/otus/local-repo/org/springframework/spring-context/6.1.4/spring-context-6.1.4.jar:/Users/atitov/study/otus/local-repo/org/springframework/spring-aop/6.1.4/spring-aop-6.1.4.jar:/Users/atitov/study/otus/local-repo/org/springframework/spring-beans/6.1.4/spring-beans-6.1.4.jar:/Users/atitov/study/otus/local-repo/org/springframework/spring-core/6.1.4/spring-core-6.1.4.jar:/Users/atitov/study/otus/local-repo/org/springframework/spring-jcl/6.1.4/spring-jcl-6.1.4.jar:/Users/atitov/study/otus/local-repo/org/springframework/spring-expression/6.1.4/spring-expression-6.1.4.jar:/Users/atitov/study/otus/local-repo/io/micrometer/micrometer-observation/1.12.3/micrometer-observation-1.12.3.jar:/Users/atitov/study/otus/local-repo/io/micrometer/micrometer-commons/1.12.3/micrometer-commons-1.12.3.jar:/Users/atitov/study/otus/local-repo/com/opencsv/opencsv/5.8/opencsv-5.8.jar:/Users/atitov/study/otus/local-repo/org/apache/commons/commons-lang3/3.12.0/commons-lang3-3.12.0.jar:/Users/atitov/study/otus/local-repo/org/apache/commons/commons-text/1.10.0/commons-text-1.10.0.jar:/Users/atitov/study/otus/local-repo/commons-beanutils/commons-beanutils/1.9.4/commons-beanutils-1.9.4.jar:/Users/atitov/study/otus/local-repo/commons-logging/commons-logging/1.2/commons-logging-1.2.jar:/Users/atitov/study/otus/local-repo/org/apache/commons/commons-collections4/4.4/commons-collections4-4.4.jar:/Users/atitov/study/otus/local-repo/org/projectlombok/lombok/1.18.30/lombok-1.18.30.jar:/Users/atitov/study/otus/local-repo/org/springframework/spring-test/6.1.4/spring-test-6.1.4.jar:/Users/atitov/study/otus/local-repo/org/junit/jupiter/junit-jupiter/5.10.2/junit-jupiter-5.10.2.jar:/Users/atitov/study/otus/local-repo/org/junit/jupiter/junit-jupiter-api/5.10.2/junit-jupiter-api-5.10.2.jar:/Users/atitov/study/otus/local-repo/org/opentest4j/opentest4j/1.3.0/opentest4j-1.3.0.jar:/Users/atitov/study/otus/local-repo/org/junit/platform/junit-platform-commons/1.10.2/junit-platform-commons-1.10.2.jar:/Users/atitov/study/otus/local-repo/org/apiguardian/apiguardian-api/1.1.2/apiguardian-api-1.1.2.jar:/Users/atitov/study/otus/local-repo/org/junit/jupiter/junit-jupiter-params/5.10.2/junit-jupiter-params-5.10.2.jar:/Users/atitov/study/otus/local-repo/org/junit/jupiter/junit-jupiter-engine/5.10.2/junit-jupiter-engine-5.10.2.jar:/Users/atitov/study/otus/local-repo/org/junit/platform/junit-platform-engine/1.10.2/junit-platform-engine-1.10.2.jar:/Users/atitov/study/otus/local-repo/org/mockito/mockito-core/5.10.0/mockito-core-5.10.0.jar:/Users/atitov/study/otus/local-repo/net/bytebuddy/byte-buddy/1.14.11/byte-buddy-1.14.11.jar:/Users/atitov/study/otus/local-repo/net/bytebuddy/byte-buddy-agent/1.14.11/byte-buddy-agent-1.14.11.jar:/Users/atitov/study/otus/local-repo/org/objenesis/objenesis/3.3/objenesis-3.3.jar:/Users/atitov/study/otus/local-repo/org/assertj/assertj-core/3.25.2/assertj-core-3.25.2.jar:"/>
    <property name="java.vm.vendor" value="Azul Systems, Inc."/>
    <property name="sun.arch.data.model" value="64"/>
    <property name="java.vendor.url" value="http://www.azul.com/"/>
    <property name="user.timezone" value="Europe/Moscow"/>
    <property name="os.name" value="Mac OS X"/>
    <property name="java.vm.specification.version" value="21"/>
    <property name="sun.java.launcher" value="SUN_STANDARD"/>
    <property name="user.country" value="RU"/>
    <property name="sun.boot.library.path" value="/Users/atitov/Library/Java/JavaVirtualMachines/azul-21.0.4/Contents/Home/lib"/>
    <property name="sun.java.command" value="/Users/atitov/study/otus/2024-11-otus-spring-Titov/hw01/target/surefire/surefirebooter-20250419004444732_3.jar /Users/atitov/study/otus/2024-11-otus-spring-Titov/hw01/target/surefire 2025-04-19T00-44-44_141-jvmRun1 surefire-20250419004444732_1tmp surefire_0-20250419004444732_2tmp"/>
    <property name="http.nonProxyHosts" value="local|*.local|169.254/16|*.169.254/16"/>
    <property name="jdk.debug" value="release"/>
    <property name="surefire.test.class.path" value="/Users/atitov/study/otus/2024-11-otus-spring-Titov/hw01/target/test-classes:/Users/atitov/study/otus/2024-11-otus-spring-Titov/hw01/target/classes:/Users/atitov/study/otus/local-repo/org/springframework/spring-context/6.1.4/spring-context-6.1.4.jar:/Users/atitov/study/otus/local-repo/org/springframework/spring-aop/6.1.4/spring-aop-6.1.4.jar:/Users/atitov/study/otus/local-repo/org/springframework/spring-beans/6.1.4/spring-beans-6.1.4.jar:/Users/atitov/study/otus/local-repo/org/springframework/spring-core/6.1.4/spring-core-6.1.4.jar:/Users/atitov/study/otus/local-repo/org/springframework/spring-jcl/6.1.4/spring-jcl-6.1.4.jar:/Users/atitov/study/otus/local-repo/org/springframework/spring-expression/6.1.4/spring-expression-6.1.4.jar:/Users/atitov/study/otus/local-repo/io/micrometer/micrometer-observation/1.12.3/micrometer-observation-1.12.3.jar:/Users/atitov/study/otus/local-repo/io/micrometer/micrometer-commons/1.12.3/micrometer-commons-1.12.3.jar:/Users/atitov/study/otus/local-repo/com/opencsv/opencsv/5.8/opencsv-5.8.jar:/Users/atitov/study/otus/local-repo/org/apache/commons/commons-lang3/3.12.0/commons-lang3-3.12.0.jar:/Users/atitov/study/otus/local-repo/org/apache/commons/commons-text/1.10.0/commons-text-1.10.0.jar:/Users/atitov/study/otus/local-repo/commons-beanutils/commons-beanutils/1.9.4/commons-beanutils-1.9.4.jar:/Users/atitov/study/otus/local-repo/commons-logging/commons-logging/1.2/commons-logging-1.2.jar:/Users/atitov/study/otus/local-repo/org/apache/commons/commons-collections4/4.4/commons-collections4-4.4.jar:/Users/atitov/study/otus/local-repo/org/projectlombok/lombok/1.18.30/lombok-1.18.30.jar:/Users/atitov/study/otus/local-repo/org/springframework/spring-test/6.1.4/spring-test-6.1.4.jar:/Users/atitov/study/otus/local-repo/org/junit/jupiter/junit-jupiter/5.10.2/junit-jupiter-5.10.2.jar:/Users/atitov/study/otus/local-repo/org/junit/jupiter/junit-jupiter-api/5.10.2/junit-jupiter-api-5.10.2.jar:/Users/atitov/study/otus/local-repo/org/opentest4j/opentest4j/1.3.0/opentest4j-1.3.0.jar:/Users/atitov/study/otus/local-repo/org/junit/platform/junit-platform-commons/1.10.2/junit-platform-commons-1.10.2.jar:/Users/atitov/study/otus/local-repo/org/apiguardian/apiguardian-api/1.1.2/apiguardian-api-1.1.2.jar:/Users/atitov/study/otus/local-repo/org/junit/jupiter/junit-jupiter-params/5.10.2/junit-jupiter-params-5.10.2.jar:/Users/atitov/study/otus/local-repo/org/junit/jupiter/junit-jupiter-engine/5.10.2/junit-jupiter-engine-5.10.2.jar:/Users/atitov/study/otus/local-repo/org/junit/platform/junit-platform-engine/1.10.2/junit-platform-engine-1.10.2.jar:/Users/atitov/study/otus/local-repo/org/mockito/mockito-core/5.10.0/mockito-core-5.10.0.jar:/Users/atitov/study/otus/local-repo/net/bytebuddy/byte-buddy/1.14.11/byte-buddy-1.14.11.jar:/Users/atitov/study/otus/local-repo/net/bytebuddy/byte-buddy-agent/1.14.11/byte-buddy-agent-1.14.11.jar:/Users/atitov/study/otus/local-repo/org/objenesis/objenesis/3.3/objenesis-3.3.jar:/Users/atitov/study/otus/local-repo/org/assertj/assertj-core/3.25.2/assertj-core-3.25.2.jar:"/>
    <property name="sun.cpu.endian" value="little"/>
    <property name="user.home" value="/Users/atitov"/>
    <property name="user.language" value="ru"/>
    <property name="java.specification.vendor" value="Oracle Corporation"/>
    <property name="java.version.date" value="2024-07-16"/>
    <property name="java.home" value="/Users/atitov/Library/Java/JavaVirtualMachines/azul-21.0.4/Contents/Home"/>
    <property name="file.separator" value="/"/>
    <property name="basedir" value="/Users/atitov/study/otus/2024-11-otus-spring-Titov/hw01"/>
    <property name="java.vm.compressedOopsMode" value="Zero based"/>
    <property name="line.separator" value="&#10;"/>
    <property name="java.vm.specification.vendor" value="Oracle Corporation"/>
    <property name="java.specification.name" value="Java Platform API Specification"/>
    <property name="apple.awt.application.name" value="ForkedBooter"/>
    <property name="surefire.real.class.path" value="/Users/atitov/study/otus/2024-11-otus-spring-Titov/hw01/target/surefire/surefirebooter-20250419004444732_3.jar"/>
    <property name="sun.management.compiler" value="HotSpot 64-Bit Tiered Compilers"/>
    <property name="ftp.nonProxyHosts" value="local|*.local|169.254/16|*.169.254/16"/>
    <property name="java.runtime.version" value="21.0.4+7-LTS"/>
    <property name="user.name" value="aleksey.titov"/>
    <property name="stdout.encoding" value="UTF-8"/>
    <property name="path.separator" value=":"/>
    <property name="os.version" value="15.3.1"/>
    <property name="java.runtime.name" value="OpenJDK Runtime Environment"/>
    <property name="file.encoding" value="UTF-8"/>
    <property name="java.vm.name" value="OpenJDK 64-Bit Server VM"/>
    <property name="java.vendor.version" value="Zulu21.36+17-CA"/>
    <property name="localRepository" value="/Users/atitov/study/otus/local-repo"/>
    <property name="java.vendor.url.bug" value="http://www.azul.com/support/"/>
    <property name="java.io.tmpdir" value="/var/folders/yk/nnnk1zs52r18cg9p_wt54vph0000gq/T/"/>
    <property name="idea.version" value="2024.2.4"/>
    <property name="java.version" value="21.0.4"/>
    <property name="user.dir" value="/Users/atitov/study/otus/2024-11-otus-spring-Titov/hw01"/>
    <property name="os.arch" value="x86_64"/>
    <property name="java.vm.specification.name" value="Java Virtual Machine Specification"/>
    <property name="native.encoding" value="UTF-8"/>
    <property name="java.util.logging.manager" value="org.apache.logging.log4j.jul.LogManager"/>
    <property name="java.library.path" value="/Users/atitov/Library/Java/Extensions:/Library/Java/Extensions:/Network/Library/Java/Extensions:/System/Library/Java/Extensions:/usr/lib/java:."/>
    <property name="java.vm.info" value="mixed mode, sharing"/>
    <property name="stderr.encoding" value="UTF-8"/>
    <property name="java.vendor" value="Azul Systems, Inc."/>
    <property name="java.vm.version" value="21.0.4+7-LTS"/>
    <property name="sun.io.unicode.encoding" value="UnicodeBig"/>
    <property name="socksNonProxyHosts" value="local|*.local|169.254/16|*.169.254/16"/>
    <property name="java.class.version" value="65.0"/>
  </properties>
  <testcase name="testExecuteTestWithValidData" classname="ru.otus.hw.service.TestServiceImplTest" time="2.17">
    <system-err><![CDATA[Could not load Logmanager "org.apache.logging.log4j.jul.LogManager"
java.lang.ClassNotFoundException: org.apache.logging.log4j.jul.LogManager
	at java.base/jdk.internal.loader.BuiltinClassLoader.loadClass(BuiltinClassLoader.java:641)
	at java.base/jdk.internal.loader.ClassLoaders$AppClassLoader.loadClass(ClassLoaders.java:188)
	at java.base/java.lang.ClassLoader.loadClass(ClassLoader.java:526)
	at java.logging/java.util.logging.LogManager$1.run(LogManager.java:239)
	at java.logging/java.util.logging.LogManager$1.run(LogManager.java:223)
	at java.base/java.security.AccessController.doPrivileged(AccessController.java:319)
	at java.logging/java.util.logging.LogManager.<clinit>(LogManager.java:222)
	at java.logging/java.util.logging.Logger.demandLogger(Logger.java:650)
	at java.logging/java.util.logging.Logger.getLogger(Logger.java:720)
	at java.logging/java.util.logging.Logger.getLogger(Logger.java:703)
	at org.apache.maven.surefire.junitplatform.JUnitPlatformProvider.setupJunitLogger(JUnitPlatformProvider.java:133)
	at org.apache.maven.surefire.junitplatform.JUnitPlatformProvider.invoke(JUnitPlatformProvider.java:116)
	at org.apache.maven.surefire.booter.ForkedBooter.runSuitesInProcess(ForkedBooter.java:385)
	at org.apache.maven.surefire.booter.ForkedBooter.execute(ForkedBooter.java:162)
	at org.apache.maven.surefire.booter.ForkedBooter.run(ForkedBooter.java:507)
	at org.apache.maven.surefire.booter.ForkedBooter.main(ForkedBooter.java:495)
WARNING: A Java agent has been loaded dynamically (/Users/atitov/study/otus/local-repo/net/bytebuddy/byte-buddy-agent/1.14.11/byte-buddy-agent-1.14.11.jar)
WARNING: If a serviceability tool is in use, please run with -XX:+EnableDynamicAgentLoading to hide this warning
WARNING: If a serviceability tool is not in use, please run with -Djdk.instrument.traceUsage for more information
WARNING: Dynamic loading of agents will be disallowed by default in a future release
]]></system-err>
  </testcase>
</testsuite>